# JRE version: Java(TM) SE Runtime Environment (8.0_40-b26) (build 1.8.0_40-b26)
# Java VM: Java HotSpot(TM) 64-Bit Server VM (25.40-b25 mixed mode windows-amd64 compressed oops)
Heap:
 PSYoungGen      total 125952K, used 60933K [0x00000000eb200000, 0x00000000f3c00000, 0x0000000100000000)
  eden space 124416K, 48% used [0x00000000eb200000,0x00000000eec72578,0x00000000f2b80000)
  from space 1536K, 70% used [0x00000000f3a80000,0x00000000f3b8f0a8,0x00000000f3c00000)
  to   space 8192K, 0% used [0x00000000f2c00000,0x00000000f2c00000,0x00000000f3400000)
 ParOldGen       total 96768K, used 33091K [0x00000000c1600000, 0x00000000c7480000, 0x00000000eb200000)
  object space 96768K, 34% used [0x00000000c1600000,0x00000000c3650d28,0x00000000c7480000)
 Metaspace       used 17677K, capacity 17942K, committed 18176K, reserved 1064960K
  class space    used 1862K, capacity 1965K, committed 2048K, reserved 1048576K
GC Heap History (10 events):
Event: 5.162 GC heap before
{Heap before GC invocations=5 (full 0):
 PSYoungGen      total 35328K, used 34386K [0x00000000eb200000, 0x00000000ed700000, 0x0000000100000000)
  eden space 32768K, 100% used [0x00000000eb200000,0x00000000ed200000,0x00000000ed200000)
  from space 2560K, 63% used [0x00000000ed480000,0x00000000ed614a20,0x00000000ed700000)
  to   space 2560K, 0% used [0x00000000ed200000,0x00000000ed200000,0x00000000ed480000)
 ParOldGen       total 97280K, used 88178K [0x00000000c1600000, 0x00000000c7500000, 0x00000000eb200000)
  object space 97280K, 90% used [0x00000000c1600000,0x00000000c6c1c860,0x00000000c7500000)
 Metaspace       used 14480K, capacity 14742K, committed 14976K, reserved 1062912K
  class space    used 1554K, capacity 1645K, committed 1664K, reserved 1048576K
Event: 5.165 GC heap after
Heap after GC invocations=5 (full 0):
 PSYoungGen      total 35328K, used 1794K [0x00000000eb200000, 0x00000000f0400000, 0x0000000100000000)
  eden space 32768K, 0% used [0x00000000eb200000,0x00000000eb200000,0x00000000ed200000)
  from space 2560K, 70% used [0x00000000ed200000,0x00000000ed3c0a10,0x00000000ed480000)
  to   space 9216K, 0% used [0x00000000efb00000,0x00000000efb00000,0x00000000f0400000)
 ParOldGen       total 97280K, used 88178K [0x00000000c1600000, 0x00000000c7500000, 0x00000000eb200000)
  object space 97280K, 90% used [0x00000000c1600000,0x00000000c6c1c860,0x00000000c7500000)
 Metaspace       used 14480K, capacity 14742K, committed 14976K, reserved 1062912K
  class space    used 1554K, capacity 1645K, committed 1664K, reserved 1048576K
}
Event: 5.394 GC heap before
{Heap before GC invocations=6 (full 0):
 PSYoungGen      total 35328K, used 34562K [0x00000000eb200000, 0x00000000f0400000, 0x0000000100000000)
  eden space 32768K, 100% used [0x00000000eb200000,0x00000000ed200000,0x00000000ed200000)
  from space 2560K, 70% used [0x00000000ed200000,0x00000000ed3c0a10,0x00000000ed480000)
  to   space 9216K, 0% used [0x00000000efb00000,0x00000000efb00000,0x00000000f0400000)
 ParOldGen       total 123904K, used 114545K [0x00000000c1600000, 0x00000000c8f00000, 0x00000000eb200000)
  object space 123904K, 92% used [0x00000000c1600000,0x00000000c85dc530,0x00000000c8f00000)
 Metaspace       used 14481K, capacity 14742K, committed 14976K, reserved 1062912K
  class space    used 1554K, capacity 1645K, committed 1664K, reserved 1048576K
Event: 5.398 GC heap after
Heap after GC invocations=6 (full 0):
 PSYoungGen      total 73728K, used 2162K [0x00000000eb200000, 0x00000000f0300000, 0x0000000100000000)
  eden space 65536K, 0% used [0x00000000eb200000,0x00000000eb200000,0x00000000ef200000)
  from space 8192K, 26% used [0x00000000efb00000,0x00000000efd1ca20,0x00000000f0300000)
  to   space 8704K, 0% used [0x00000000ef200000,0x00000000ef200000,0x00000000efa80000)
 ParOldGen       total 123904K, used 114545K [0x00000000c1600000, 0x00000000c8f00000, 0x00000000eb200000)
  object space 123904K, 92% used [0x00000000c1600000,0x00000000c85dc530,0x00000000c8f00000)
 Metaspace       used 14481K, capacity 14742K, committed 14976K, reserved 1062912K
  class space    used 1554K, capacity 1645K, committed 1664K, reserved 1048576K
}
Event: 5.659 GC heap before
{Heap before GC invocations=7 (full 0):
 PSYoungGen      total 73728K, used 67698K [0x00000000eb200000, 0x00000000f0300000, 0x0000000100000000)
  eden space 65536K, 100% used [0x00000000eb200000,0x00000000ef200000,0x00000000ef200000)
  from space 8192K, 26% used [0x00000000efb00000,0x00000000efd1ca20,0x00000000f0300000)
  to   space 8704K, 0% used [0x00000000ef200000,0x00000000ef200000,0x00000000efa80000)
 ParOldGen       total 123904K, used 114545K [0x00000000c1600000, 0x00000000c8f00000, 0x00000000eb200000)
  object space 123904K, 92% used [0x00000000c1600000,0x00000000c85dc530,0x00000000c8f00000)
 Metaspace       used 14481K, capacity 14742K, committed 14976K, reserved 1062912K
  class space    used 1554K, capacity 1645K, committed 1664K, reserved 1048576K
Event: 5.723 GC heap after
Heap after GC invocations=7 (full 0):
 PSYoungGen      total 74240K, used 1216K [0x00000000eb200000, 0x00000000f4300000, 0x0000000100000000)
  eden space 65536K, 0% used [0x00000000eb200000,0x00000000eb200000,0x00000000ef200000)
  from space 8704K, 13% used [0x00000000ef200000,0x00000000ef330000,0x00000000efa80000)
  to   space 8704K, 0% used [0x00000000f3a80000,0x00000000f3a80000,0x00000000f4300000)
 ParOldGen       total 203776K, used 194981K [0x00000000c1600000, 0x00000000cdd00000, 0x00000000eb200000)
  object space 203776K, 95% used [0x00000000c1600000,0x00000000cd4694b8,0x00000000cdd00000)
 Metaspace       used 14481K, capacity 14742K, committed 14976K, reserved 1062912K
  class space    used 1554K, capacity 1645K, committed 1664K, reserved 1048576K
}
Event: 5.723 GC heap before
{Heap before GC invocations=8 (full 1):
 PSYoungGen      total 74240K, used 1216K [0x00000000eb200000, 0x00000000f4300000, 0x0000000100000000)
  eden space 65536K, 0% used [0x00000000eb200000,0x00000000eb200000,0x00000000ef200000)
  from space 8704K, 13% used [0x00000000ef200000,0x00000000ef330000,0x00000000efa80000)
  to   space 8704K, 0% used [0x00000000f3a80000,0x00000000f3a80000,0x00000000f4300000)
 ParOldGen       total 203776K, used 194981K [0x00000000c1600000, 0x00000000cdd00000, 0x00000000eb200000)
  object space 203776K, 95% used [0x00000000c1600000,0x00000000cd4694b8,0x00000000cdd00000)
 Metaspace       used 14481K, capacity 14742K, committed 14976K, reserved 1062912K
  class space    used 1554K, capacity 1645K, committed 1664K, reserved 1048576K
Event: 5.774 GC heap after
Heap after GC invocations=8 (full 1):
 PSYoungGen      total 74240K, used 0K [0x00000000eb200000, 0x00000000f4300000, 0x0000000100000000)
  eden space 65536K, 0% used [0x00000000eb200000,0x00000000eb200000,0x00000000ef200000)
  from space 8704K, 0% used [0x00000000ef200000,0x00000000ef200000,0x00000000efa80000)
  to   space 8704K, 0% used [0x00000000f3a80000,0x00000000f3a80000,0x00000000f4300000)
 ParOldGen       total 96768K, used 33083K [0x00000000c1600000, 0x00000000c7480000, 0x00000000eb200000)
  object space 96768K, 34% used [0x00000000c1600000,0x00000000c364ed28,0x00000000c7480000)
 Metaspace       used 14481K, capacity 14742K, committed 14976K, reserved 1062912K
  class space    used 1554K, capacity 1645K, committed 1664K, reserved 1048576K
}
Event: 8.160 GC heap before
{Heap before GC invocations=9 (full 1):
 PSYoungGen      total 74240K, used 64894K [0x00000000eb200000, 0x00000000f4300000, 0x0000000100000000)
  eden space 65536K, 99% used [0x00000000eb200000,0x00000000ef15fb68,0x00000000ef200000)
  from space 8704K, 0% used [0x00000000ef200000,0x00000000ef200000,0x00000000efa80000)
  to   space 8704K, 0% used [0x00000000f3a80000,0x00000000f3a80000,0x00000000f4300000)
 ParOldGen       total 96768K, used 33083K [0x00000000c1600000, 0x00000000c7480000, 0x00000000eb200000)
  object space 96768K, 34% used [0x00000000c1600000,0x00000000c364ed28,0x00000000c7480000)
 Metaspace       used 15180K, capacity 15478K, committed 15616K, reserved 1062912K
  class space    used 1590K, capacity 1677K, committed 1792K, reserved 1048576K
Event: 8.162 GC heap after
Heap after GC invocations=9 (full 1):
 PSYoungGen      total 125952K, used 1084K [0x00000000eb200000, 0x00000000f3c00000, 0x0000000100000000)
  eden space 124416K, 0% used [0x00000000eb200000,0x00000000eb200000,0x00000000f2b80000)
  from space 1536K, 70% used [0x00000000f3a80000,0x00000000f3b8f0a8,0x00000000f3c00000)
  to   space 8192K, 0% used [0x00000000f2c00000,0x00000000f2c00000,0x00000000f3400000)
 ParOldGen       total 96768K, used 33091K [0x00000000c1600000, 0x00000000c7480000, 0x00000000eb200000)
  object space 96768K, 34% used [0x00000000c1600000,0x00000000c3650d28,0x00000000c7480000)
 Metaspace       used 15180K, capacity 15478K, committed 15616K, reserved 1062912K
  class space    used 1590K, capacity 1677K, committed 1792K, reserved 1048576K
}

