# JRE version: Java(TM) SE Runtime Environment (8.0_40-b26) (build 1.8.0_40-b26)
# Java VM: Java HotSpot(TM) 64-Bit Server VM (25.40-b25 mixed mode windows-amd64 compressed oops)
Heap:
 PSYoungGen      total 74240K, used 62294K [0x00000000eb200000, 0x00000000f4300000, 0x0000000100000000)
  eden space 65536K, 95% used [0x00000000eb200000,0x00000000eeed58c8,0x00000000ef200000)
  from space 8704K, 0% used [0x00000000ef200000,0x00000000ef200000,0x00000000efa80000)
  to   space 8704K, 0% used [0x00000000f3a80000,0x00000000f3a80000,0x00000000f4300000)
 ParOldGen       total 97280K, used 32959K [0x00000000c1600000, 0x00000000c7500000, 0x00000000eb200000)
  object space 97280K, 33% used [0x00000000c1600000,0x00000000c362fdb0,0x00000000c7500000)
 Metaspace       used 14875K, capacity 15126K, committed 15232K, reserved 1062912K
  class space    used 1574K, capacity 1645K, committed 1664K, reserved 1048576K
GC Heap History (10 events):
Event: 5.364 GC heap before
{Heap before GC invocations=4 (full 0):
 PSYoungGen      total 18944K, used 18919K [0x00000000eb200000, 0x00000000ed700000, 0x0000000100000000)
  eden space 16384K, 100% used [0x00000000eb200000,0x00000000ec200000,0x00000000ec200000)
  from space 2560K, 99% used [0x00000000ec200000,0x00000000ec479f10,0x00000000ec480000)
  to   space 2560K, 0% used [0x00000000ed480000,0x00000000ed480000,0x00000000ed700000)
 ParOldGen       total 70656K, used 62109K [0x00000000c1600000, 0x00000000c5b00000, 0x00000000eb200000)
  object space 70656K, 87% used [0x00000000c1600000,0x00000000c52a77e8,0x00000000c5b00000)
 Metaspace       used 14357K, capacity 14582K, committed 14720K, reserved 1062912K
  class space    used 1544K, capacity 1613K, committed 1664K, reserved 1048576K
Event: 5.367 GC heap after
Heap after GC invocations=4 (full 0):
 PSYoungGen      total 35328K, used 2543K [0x00000000eb200000, 0x00000000ed700000, 0x0000000100000000)
  eden space 32768K, 0% used [0x00000000eb200000,0x00000000eb200000,0x00000000ed200000)
  from space 2560K, 99% used [0x00000000ed480000,0x00000000ed6fbf10,0x00000000ed700000)
  to   space 2560K, 0% used [0x00000000ed200000,0x00000000ed200000,0x00000000ed480000)
 ParOldGen       total 70656K, used 62262K [0x00000000c1600000, 0x00000000c5b00000, 0x00000000eb200000)
  object space 70656K, 88% used [0x00000000c1600000,0x00000000c52cdb80,0x00000000c5b00000)
 Metaspace       used 14357K, capacity 14582K, committed 14720K, reserved 1062912K
  class space    used 1544K, capacity 1613K, committed 1664K, reserved 1048576K
}
Event: 5.626 GC heap before
{Heap before GC invocations=5 (full 0):
 PSYoungGen      total 35328K, used 35311K [0x00000000eb200000, 0x00000000ed700000, 0x0000000100000000)
  eden space 32768K, 100% used [0x00000000eb200000,0x00000000ed200000,0x00000000ed200000)
  from space 2560K, 99% used [0x00000000ed480000,0x00000000ed6fbf10,0x00000000ed700000)
  to   space 2560K, 0% used [0x00000000ed200000,0x00000000ed200000,0x00000000ed480000)
 ParOldGen       total 97280K, used 88630K [0x00000000c1600000, 0x00000000c7500000, 0x00000000eb200000)
  object space 97280K, 91% used [0x00000000c1600000,0x00000000c6c8d850,0x00000000c7500000)
 Metaspace       used 14358K, capacity 14582K, committed 14720K, reserved 1062912K
  class space    used 1544K, capacity 1613K, committed 1664K, reserved 1048576K
Event: 5.631 GC heap after
Heap after GC invocations=5 (full 0):
 PSYoungGen      total 35328K, used 2543K [0x00000000eb200000, 0x00000000f0400000, 0x0000000100000000)
  eden space 32768K, 0% used [0x00000000eb200000,0x00000000eb200000,0x00000000ed200000)
  from space 2560K, 99% used [0x00000000ed200000,0x00000000ed47bf10,0x00000000ed480000)
  to   space 9216K, 0% used [0x00000000efb00000,0x00000000efb00000,0x00000000f0400000)
 ParOldGen       total 97280K, used 88891K [0x00000000c1600000, 0x00000000c7500000, 0x00000000eb200000)
  object space 97280K, 91% used [0x00000000c1600000,0x00000000c6cced28,0x00000000c7500000)
 Metaspace       used 14358K, capacity 14582K, committed 14720K, reserved 1062912K
  class space    used 1544K, capacity 1613K, committed 1664K, reserved 1048576K
}
Event: 5.900 GC heap before
{Heap before GC invocations=6 (full 0):
 PSYoungGen      total 35328K, used 35311K [0x00000000eb200000, 0x00000000f0400000, 0x0000000100000000)
  eden space 32768K, 100% used [0x00000000eb200000,0x00000000ed200000,0x00000000ed200000)
  from space 2560K, 99% used [0x00000000ed200000,0x00000000ed47bf10,0x00000000ed480000)
  to   space 9216K, 0% used [0x00000000efb00000,0x00000000efb00000,0x00000000f0400000)
 ParOldGen       total 123904K, used 115258K [0x00000000c1600000, 0x00000000c8f00000, 0x00000000eb200000)
  object space 123904K, 93% used [0x00000000c1600000,0x00000000c868e9f8,0x00000000c8f00000)
 Metaspace       used 14358K, capacity 14582K, committed 14720K, reserved 1062912K
  class space    used 1544K, capacity 1613K, committed 1664K, reserved 1048576K
Event: 5.905 GC heap after
Heap after GC invocations=6 (full 0):
 PSYoungGen      total 73728K, used 3135K [0x00000000eb200000, 0x00000000f0300000, 0x0000000100000000)
  eden space 65536K, 0% used [0x00000000eb200000,0x00000000eb200000,0x00000000ef200000)
  from space 8192K, 38% used [0x00000000efb00000,0x00000000efe0ff20,0x00000000f0300000)
  to   space 8704K, 0% used [0x00000000ef200000,0x00000000ef200000,0x00000000efa80000)
 ParOldGen       total 123904K, used 115258K [0x00000000c1600000, 0x00000000c8f00000, 0x00000000eb200000)
  object space 123904K, 93% used [0x00000000c1600000,0x00000000c868e9f8,0x00000000c8f00000)
 Metaspace       used 14358K, capacity 14582K, committed 14720K, reserved 1062912K
  class space    used 1544K, capacity 1613K, committed 1664K, reserved 1048576K
}
Event: 6.177 GC heap before
{Heap before GC invocations=7 (full 0):
 PSYoungGen      total 73728K, used 68671K [0x00000000eb200000, 0x00000000f0300000, 0x0000000100000000)
  eden space 65536K, 100% used [0x00000000eb200000,0x00000000ef200000,0x00000000ef200000)
  from space 8192K, 38% used [0x00000000efb00000,0x00000000efe0ff20,0x00000000f0300000)
  to   space 8704K, 0% used [0x00000000ef200000,0x00000000ef200000,0x00000000efa80000)
 ParOldGen       total 123904K, used 115258K [0x00000000c1600000, 0x00000000c8f00000, 0x00000000eb200000)
  object space 123904K, 93% used [0x00000000c1600000,0x00000000c868e9f8,0x00000000c8f00000)
 Metaspace       used 14358K, capacity 14582K, committed 14720K, reserved 1062912K
  class space    used 1544K, capacity 1613K, committed 1664K, reserved 1048576K
Event: 6.241 GC heap after
Heap after GC invocations=7 (full 0):
 PSYoungGen      total 74240K, used 1312K [0x00000000eb200000, 0x00000000f4300000, 0x0000000100000000)
  eden space 65536K, 0% used [0x00000000eb200000,0x00000000eb200000,0x00000000ef200000)
  from space 8704K, 15% used [0x00000000ef200000,0x00000000ef348000,0x00000000efa80000)
  to   space 8704K, 0% used [0x00000000f3a80000,0x00000000f3a80000,0x00000000f4300000)
 ParOldGen       total 203776K, used 196699K [0x00000000c1600000, 0x00000000cdd00000, 0x00000000eb200000)
  object space 203776K, 96% used [0x00000000c1600000,0x00000000cd616e80,0x00000000cdd00000)
 Metaspace       used 14358K, capacity 14582K, committed 14720K, reserved 1062912K
  class space    used 1544K, capacity 1613K, committed 1664K, reserved 1048576K
}
Event: 6.241 GC heap before
{Heap before GC invocations=8 (full 1):
 PSYoungGen      total 74240K, used 1312K [0x00000000eb200000, 0x00000000f4300000, 0x0000000100000000)
  eden space 65536K, 0% used [0x00000000eb200000,0x00000000eb200000,0x00000000ef200000)
  from space 8704K, 15% used [0x00000000ef200000,0x00000000ef348000,0x00000000efa80000)
  to   space 8704K, 0% used [0x00000000f3a80000,0x00000000f3a80000,0x00000000f4300000)
 ParOldGen       total 203776K, used 196699K [0x00000000c1600000, 0x00000000cdd00000, 0x00000000eb200000)
  object space 203776K, 96% used [0x00000000c1600000,0x00000000cd616e80,0x00000000cdd00000)
 Metaspace       used 14358K, capacity 14582K, committed 14720K, reserved 1062912K
  class space    used 1544K, capacity 1613K, committed 1664K, reserved 1048576K
Event: 6.290 GC heap after
Heap after GC invocations=8 (full 1):
 PSYoungGen      total 74240K, used 0K [0x00000000eb200000, 0x00000000f4300000, 0x0000000100000000)
  eden space 65536K, 0% used [0x00000000eb200000,0x00000000eb200000,0x00000000ef200000)
  from space 8704K, 0% used [0x00000000ef200000,0x00000000ef200000,0x00000000efa80000)
  to   space 8704K, 0% used [0x00000000f3a80000,0x00000000f3a80000,0x00000000f4300000)
 ParOldGen       total 97280K, used 32959K [0x00000000c1600000, 0x00000000c7500000, 0x00000000eb200000)
  object space 97280K, 33% used [0x00000000c1600000,0x00000000c362fdb0,0x00000000c7500000)
 Metaspace       used 14358K, capacity 14582K, committed 14720K, reserved 1062912K
  class space    used 1544K, capacity 1613K, committed 1664K, reserved 1048576K
}

